<?xml version="1.0" encoding="UTF-8" ?>
<testsuites disabled="0" errors="0" failures="0" tests="3" time="16.759">
 <testsuite name="Calculator scenerios" timestamp="2020-09-09T12:28:21" hostname="localhost" time="16.759" errors="0" tests="3" skipped="0" disabled="0" failures="0">
  <testcase classname="Calculator scenerios" name="launch website" time="4.223" />
  <testcase classname="Calculator scenerios" name="Addition" time="6.835" />
  <testcase classname="Calculator scenerios" name="subtraction" time="5.694" />
 </testsuite>
</testsuites>